<?xml version="1.0" encoding="UTF-8"?>
<!-- Generated by org.testng.reporters.JUnitReportReporter -->
<testsuite skipped="0" hostname="LAPTOP-GM12SP9B" name="com.SauceDemo.TestClass.TC003VerifyTheBagProductADDtoCartFunctionality" tests="2" failures="0" timestamp="23 Aug 2022 07:49:22 GMT" time="10.242" errors="0">
  <testcase name="AddtoBagProduct" time="3.763" classname="com.SauceDemo.TestClass.TC003VerifyTheBagProductADDtoCartFunctionality"/>
  <testcase name="AddtoBagProduct" time="6.479" classname="com.SauceDemo.TestClass.TC003VerifyTheBagProductADDtoCartFunctionality"/>
</testsuite> <!-- com.SauceDemo.TestClass.TC003VerifyTheBagProductADDtoCartFunctionality -->
