<?xml version="1.0" encoding="UTF-8"?>
<!-- Generated by org.testng.reporters.JUnitReportReporter -->
<testsuite skipped="0" hostname="LAPTOP-GM12SP9B" name="com.SauceDemo.TestClass.TC002VerifyLogOutFunct" tests="1" failures="0" timestamp="23 Aug 2022 08:07:53 GMT" time="5.503" errors="0">
  <testcase name="verifyLogout" time="5.503" classname="com.SauceDemo.TestClass.TC002VerifyLogOutFunct"/>
</testsuite> <!-- com.SauceDemo.TestClass.TC002VerifyLogOutFunct -->
