<?xml version="1.0" encoding="UTF-8"?>
<!-- Generated by org.testng.reporters.JUnitReportReporter -->
<testsuite skipped="0" hostname="LAPTOP-GM12SP9B" name="com.SauceDemo.TestClass.TC004VerifyTheMultipleProductAddToCartFunctionality" tests="2" failures="0" timestamp="23 Aug 2022 07:49:22 GMT" time="10.771" errors="0">
  <testcase name="VerifyMultipleProductAddtoCart" time="5.204" classname="com.SauceDemo.TestClass.TC004VerifyTheMultipleProductAddToCartFunctionality"/>
  <testcase name="VerifyMultipleProductAddtoCart" time="5.567" classname="com.SauceDemo.TestClass.TC004VerifyTheMultipleProductAddToCartFunctionality"/>
</testsuite> <!-- com.SauceDemo.TestClass.TC004VerifyTheMultipleProductAddToCartFunctionality -->
