<?xml version="1.0" encoding="UTF-8"?>
<!-- Generated by org.testng.reporters.JUnitReportReporter -->
<testsuite skipped="0" hostname="LAPTOP-GM12SP9B" name="com.SauceDemo.TestClass.TC001VerifyLoginActivity" tests="1" failures="0" timestamp="23 Aug 2022 08:30:57 GMT" time="4.068" errors="0">
  <testcase name="verifyLogin" time="4.068" classname="com.SauceDemo.TestClass.TC001VerifyLoginActivity"/>
</testsuite> <!-- com.SauceDemo.TestClass.TC001VerifyLoginActivity -->
